
[2026-03-06T13:10:23.380Z] Detailed Error in /api/chat/send: Error: Failed query: insert into "conversations" ("id", "user_id", "status", "created_at") values (?, ?, ?, CURRENT_TIMESTAMP) returning "id"
params: 89d7945c-9ac3-4f3d-9c09-987983a5ee3a,69a40f99000aa732a38f,open
    at LibSQLPreparedQuery.queryWithCache (C:\Users\yogar\Downloads\cbc1-main\.next\dev\server\chunks\48026_drizzle-orm_ed9f2641._.js:8415:23)
    at process.processTicksAndRejections (node:internal/process/task_queues:105:5)
    at async LibSQLPreparedQuery.values (C:\Users\yogar\Downloads\cbc1-main\.next\dev\server\chunks\48026_drizzle-orm_ed9f2641._.js:8758:16)
    at async LibSQLPreparedQuery.all (C:\Users\yogar\Downloads\cbc1-main\.next\dev\server\chunks\48026_drizzle-orm_ed9f2641._.js:8706:22)
    at async POST (C:\Users\yogar\Downloads\cbc1-main\.next\dev\server\chunks\[root-of-the-server]__27e3a619._.js:511:35)
    at async AppRouteRouteModule.do (C:\Users\yogar\Downloads\cbc1-main\node_modules\next\dist\compiled\next-server\app-route-turbo.runtime.dev.js:5:37866)
    at async AppRouteRouteModule.handle (C:\Users\yogar\Downloads\cbc1-main\node_modules\next\dist\compiled\next-server\app-route-turbo.runtime.dev.js:5:45156)
    at async responseGenerator (C:\Users\yogar\Downloads\cbc1-main\.next\dev\server\chunks\48026_next_96c1edc7._.js:16535:38)
    at async AppRouteRouteModule.handleResponse (C:\Users\yogar\Downloads\cbc1-main\node_modules\next\dist\compiled\next-server\app-route-turbo.runtime.dev.js:1:191938)
    at async handleResponse (C:\Users\yogar\Downloads\cbc1-main\.next\dev\server\chunks\48026_next_96c1edc7._.js:16598:32)
    at async Module.handler (C:\Users\yogar\Downloads\cbc1-main\.next\dev\server\chunks\48026_next_96c1edc7._.js:16651:13)
    at async DevServer.renderToResponseWithComponentsImpl (C:\Users\yogar\Downloads\cbc1-main\node_modules\next\dist\server\base-server.js:1442:9)
    at async DevServer.renderPageComponent (C:\Users\yogar\Downloads\cbc1-main\node_modules\next\dist\server\base-server.js:1494:24)
    at async DevServer.renderToResponseImpl (C:\Users\yogar\Downloads\cbc1-main\node_modules\next\dist\server\base-server.js:1544:32)
    at async DevServer.pipeImpl (C:\Users\yogar\Downloads\cbc1-main\node_modules\next\dist\server\base-server.js:1038:25)
    at async NextNodeServer.handleCatchallRenderRequest (C:\Users\yogar\Downloads\cbc1-main\node_modules\next\dist\server\next-server.js:395:17)
    at async DevServer.handleRequestImpl (C:\Users\yogar\Downloads\cbc1-main\node_modules\next\dist\server\base-server.js:929:17)
    at async C:\Users\yogar\Downloads\cbc1-main\node_modules\next\dist\server\dev\next-dev-server.js:387:20
    at async Span.traceAsyncFn (C:\Users\yogar\Downloads\cbc1-main\node_modules\next\dist\trace\trace.js:157:20)
    at async DevServer.handleRequest (C:\Users\yogar\Downloads\cbc1-main\node_modules\next\dist\server\dev\next-dev-server.js:383:24)
    at async invokeRender (C:\Users\yogar\Downloads\cbc1-main\node_modules\next\dist\server\lib\router-server.js:248:21)
    at async handleRequest (C:\Users\yogar\Downloads\cbc1-main\node_modules\next\dist\server\lib\router-server.js:447:24)
    at async requestHandlerImpl (C:\Users\yogar\Downloads\cbc1-main\node_modules\next\dist\server\lib\router-server.js:496:13)
    at async Server.requestListener (C:\Users\yogar\Downloads\cbc1-main\node_modules\next\dist\server\lib\start-server.js:226:13)

[2026-03-06T13:16:55.761Z] Detailed Error in /api/chat/send: Error: Failed query: insert into "conversations" ("id", "user_id", "status", "created_at") values (?, ?, ?, CURRENT_TIMESTAMP) returning "id"
params: 5520a6ae-bb69-4d64-9ccb-e0dae7862818,69a40f99000aa732a38f,open
    at LibSQLPreparedQuery.queryWithCache (C:\Users\yogar\Downloads\cbc1-main\.next\dev\server\chunks\48026_drizzle-orm_ed9f2641._.js:8415:23)
    at process.processTicksAndRejections (node:internal/process/task_queues:105:5)
    at async LibSQLPreparedQuery.values (C:\Users\yogar\Downloads\cbc1-main\.next\dev\server\chunks\48026_drizzle-orm_ed9f2641._.js:8758:16)
    at async LibSQLPreparedQuery.all (C:\Users\yogar\Downloads\cbc1-main\.next\dev\server\chunks\48026_drizzle-orm_ed9f2641._.js:8706:22)
    at async POST (C:\Users\yogar\Downloads\cbc1-main\.next\dev\server\chunks\[root-of-the-server]__27e3a619._.js:511:35)
    at async AppRouteRouteModule.do (C:\Users\yogar\Downloads\cbc1-main\node_modules\next\dist\compiled\next-server\app-route-turbo.runtime.dev.js:5:37866)
    at async AppRouteRouteModule.handle (C:\Users\yogar\Downloads\cbc1-main\node_modules\next\dist\compiled\next-server\app-route-turbo.runtime.dev.js:5:45156)
    at async responseGenerator (C:\Users\yogar\Downloads\cbc1-main\.next\dev\server\chunks\48026_next_96c1edc7._.js:16535:38)
    at async AppRouteRouteModule.handleResponse (C:\Users\yogar\Downloads\cbc1-main\node_modules\next\dist\compiled\next-server\app-route-turbo.runtime.dev.js:1:191938)
    at async handleResponse (C:\Users\yogar\Downloads\cbc1-main\.next\dev\server\chunks\48026_next_96c1edc7._.js:16598:32)
    at async Module.handler (C:\Users\yogar\Downloads\cbc1-main\.next\dev\server\chunks\48026_next_96c1edc7._.js:16651:13)
    at async DevServer.renderToResponseWithComponentsImpl (C:\Users\yogar\Downloads\cbc1-main\node_modules\next\dist\server\base-server.js:1442:9)
    at async DevServer.renderPageComponent (C:\Users\yogar\Downloads\cbc1-main\node_modules\next\dist\server\base-server.js:1494:24)
    at async DevServer.renderToResponseImpl (C:\Users\yogar\Downloads\cbc1-main\node_modules\next\dist\server\base-server.js:1544:32)
    at async DevServer.pipeImpl (C:\Users\yogar\Downloads\cbc1-main\node_modules\next\dist\server\base-server.js:1038:25)
    at async NextNodeServer.handleCatchallRenderRequest (C:\Users\yogar\Downloads\cbc1-main\node_modules\next\dist\server\next-server.js:395:17)
    at async DevServer.handleRequestImpl (C:\Users\yogar\Downloads\cbc1-main\node_modules\next\dist\server\base-server.js:929:17)
    at async C:\Users\yogar\Downloads\cbc1-main\node_modules\next\dist\server\dev\next-dev-server.js:387:20
    at async Span.traceAsyncFn (C:\Users\yogar\Downloads\cbc1-main\node_modules\next\dist\trace\trace.js:157:20)
    at async DevServer.handleRequest (C:\Users\yogar\Downloads\cbc1-main\node_modules\next\dist\server\dev\next-dev-server.js:383:24)
    at async invokeRender (C:\Users\yogar\Downloads\cbc1-main\node_modules\next\dist\server\lib\router-server.js:248:21)
    at async handleRequest (C:\Users\yogar\Downloads\cbc1-main\node_modules\next\dist\server\lib\router-server.js:447:24)
    at async requestHandlerImpl (C:\Users\yogar\Downloads\cbc1-main\node_modules\next\dist\server\lib\router-server.js:496:13)
    at async Server.requestListener (C:\Users\yogar\Downloads\cbc1-main\node_modules\next\dist\server\lib\start-server.js:226:13)

[SCHEMA DEBUG] Convos: {"columns":["cid","name","type","notnull","dflt_value","pk"],"columnTypes":["","","","","",""],"rows":[],"rowsAffected":0,"lastInsertRowid":null}
Msgs: {"columns":["cid","name","type","notnull","dflt_value","pk"],"columnTypes":["","","","","",""],"rows":[],"rowsAffected":0,"lastInsertRowid":null}

[2026-03-06T13:23:01.267Z] Detailed Error in /api/chat/send: Error: Failed query: insert into "conversations" ("id", "user_id", "status", "created_at") values (?, ?, ?, CURRENT_TIMESTAMP)
params: ab95ef4e-e3b6-4b56-80af-7f18369b69f1,69a40f99000aa732a38f,open
    at LibSQLPreparedQuery.queryWithCache (C:\Users\yogar\Downloads\cbc1-main\.next\dev\server\chunks\48026_drizzle-orm_e2e5b26d._.js:8415:23)
    at process.processTicksAndRejections (node:internal/process/task_queues:105:5)
    at async LibSQLPreparedQuery.run (C:\Users\yogar\Downloads\cbc1-main\.next\dev\server\chunks\48026_drizzle-orm_e2e5b26d._.js:8685:16)
    at async POST (C:\Users\yogar\Downloads\cbc1-main\.next\dev\server\chunks\[root-of-the-server]__27e3a619._.js:527:17)
    at async AppRouteRouteModule.do (C:\Users\yogar\Downloads\cbc1-main\node_modules\next\dist\compiled\next-server\app-route-turbo.runtime.dev.js:5:37866)
    at async AppRouteRouteModule.handle (C:\Users\yogar\Downloads\cbc1-main\node_modules\next\dist\compiled\next-server\app-route-turbo.runtime.dev.js:5:45156)
    at async responseGenerator (C:\Users\yogar\Downloads\cbc1-main\.next\dev\server\chunks\48026_next_96c1edc7._.js:16535:38)
    at async AppRouteRouteModule.handleResponse (C:\Users\yogar\Downloads\cbc1-main\node_modules\next\dist\compiled\next-server\app-route-turbo.runtime.dev.js:1:191938)
    at async handleResponse (C:\Users\yogar\Downloads\cbc1-main\.next\dev\server\chunks\48026_next_96c1edc7._.js:16598:32)
    at async Module.handler (C:\Users\yogar\Downloads\cbc1-main\.next\dev\server\chunks\48026_next_96c1edc7._.js:16651:13)
    at async DevServer.renderToResponseWithComponentsImpl (C:\Users\yogar\Downloads\cbc1-main\node_modules\next\dist\server\base-server.js:1442:9)
    at async DevServer.renderPageComponent (C:\Users\yogar\Downloads\cbc1-main\node_modules\next\dist\server\base-server.js:1494:24)
    at async DevServer.renderToResponseImpl (C:\Users\yogar\Downloads\cbc1-main\node_modules\next\dist\server\base-server.js:1544:32)
    at async DevServer.pipeImpl (C:\Users\yogar\Downloads\cbc1-main\node_modules\next\dist\server\base-server.js:1038:25)
    at async NextNodeServer.handleCatchallRenderRequest (C:\Users\yogar\Downloads\cbc1-main\node_modules\next\dist\server\next-server.js:395:17)
    at async DevServer.handleRequestImpl (C:\Users\yogar\Downloads\cbc1-main\node_modules\next\dist\server\base-server.js:929:17)
    at async C:\Users\yogar\Downloads\cbc1-main\node_modules\next\dist\server\dev\next-dev-server.js:387:20
    at async Span.traceAsyncFn (C:\Users\yogar\Downloads\cbc1-main\node_modules\next\dist\trace\trace.js:157:20)
    at async DevServer.handleRequest (C:\Users\yogar\Downloads\cbc1-main\node_modules\next\dist\server\dev\next-dev-server.js:383:24)
    at async invokeRender (C:\Users\yogar\Downloads\cbc1-main\node_modules\next\dist\server\lib\router-server.js:248:21)
    at async handleRequest (C:\Users\yogar\Downloads\cbc1-main\node_modules\next\dist\server\lib\router-server.js:447:24)
    at async requestHandlerImpl (C:\Users\yogar\Downloads\cbc1-main\node_modules\next\dist\server\lib\router-server.js:496:13)
    at async Server.requestListener (C:\Users\yogar\Downloads\cbc1-main\node_modules\next\dist\server\lib\start-server.js:226:13)
